<?xml version="1.0" encoding="UTF-8"?>
<!-- Generated by org.testng.reporters.JUnitXMLReporter -->
<testsuite ignored="0" hostname="Anghrj02" failures="0" tests="10" name="Default test" time="53.987" errors="0" timestamp="2024-06-23T23:06:53 IST">
  <testcase classname="automation.Plantorbit" name="test1" time="0.077"/>
  <testcase classname="automation.Plantorbit" name="test10" time="10.69"/>
  <testcase classname="automation.Plantorbit" name="test2" time="2.626"/>
  <testcase classname="automation.Plantorbit" name="test3" time="2.448"/>
  <testcase classname="automation.Plantorbit" name="test4" time="7.716"/>
  <testcase classname="automation.Plantorbit" name="test5" time="0.467"/>
  <testcase classname="automation.Plantorbit" name="test6" time="0.164"/>
  <testcase classname="automation.Plantorbit" name="test7" time="2.161"/>
  <testcase classname="automation.Plantorbit" name="test8" time="4.764"/>
  <testcase classname="automation.Plantorbit" name="test9" time="0.615"/>
</testsuite> <!-- Default test -->
