<?xml version="1.0" encoding="UTF-8"?>
<!-- Generated by org.testng.reporters.JUnitXMLReporter -->
<testsuite ignored="0" hostname="Anghrj02" failures="0" tests="10" name="Default test" time="69.286" errors="0" timestamp="2024-06-22T19:49:48 IST">
  <testcase classname="automation.Plantorbit" name="test1" time="0.091"/>
  <testcase classname="automation.Plantorbit" name="test10" time="28.307"/>
  <testcase classname="automation.Plantorbit" name="test2" time="1.952"/>
  <testcase classname="automation.Plantorbit" name="test3" time="1.825"/>
  <testcase classname="automation.Plantorbit" name="test4" time="8.476"/>
  <testcase classname="automation.Plantorbit" name="test5" time="0.455"/>
  <testcase classname="automation.Plantorbit" name="test6" time="0.118"/>
  <testcase classname="automation.Plantorbit" name="test7" time="2.358"/>
  <testcase classname="automation.Plantorbit" name="test8" time="4.516"/>
  <testcase classname="automation.Plantorbit" name="test9" time="0.288"/>
</testsuite> <!-- Default test -->
