<?xml version="1.0" encoding="UTF-8"?>
<testng-results ignored="0" total="10" passed="10" failed="0" skipped="0">
  <reporter-output>
  </reporter-output>
  <suite started-at="2024-06-23T23:05:59 IST" name="Default suite" finished-at="2024-06-23T23:06:53 IST" duration-ms="53987">
    <groups>
    </groups>
    <test started-at="2024-06-23T23:05:59 IST" name="Default test" finished-at="2024-06-23T23:06:53 IST" duration-ms="53987">
      <class name="automation.Plantorbit">
        <test-method is-config="true" signature="setup()[pri:0, instance:automation.Plantorbit@4d5d943d]" started-at="2024-06-23T23:05:59 IST" name="setup" finished-at="2024-06-23T23:06:01 IST" duration-ms="1898" status="PASS">
          <reporter-output>
          </reporter-output>
        </test-method> <!-- setup -->
        <test-method is-config="true" signature="url()[pri:0, instance:automation.Plantorbit@4d5d943d]" started-at="2024-06-23T23:06:01 IST" name="url" finished-at="2024-06-23T23:06:07 IST" duration-ms="6059" status="PASS">
          <reporter-output>
          </reporter-output>
        </test-method> <!-- url -->
        <test-method signature="test1()[pri:0, instance:automation.Plantorbit@4d5d943d]" started-at="2024-06-23T23:06:07 IST" name="test1" finished-at="2024-06-23T23:06:07 IST" duration-ms="77" status="PASS">
          <reporter-output>
          </reporter-output>
        </test-method> <!-- test1 -->
        <test-method is-config="true" signature="url()[pri:0, instance:automation.Plantorbit@4d5d943d]" started-at="2024-06-23T23:06:07 IST" name="url" finished-at="2024-06-23T23:06:08 IST" duration-ms="1138" status="PASS">
          <reporter-output>
          </reporter-output>
        </test-method> <!-- url -->
        <test-method signature="test10()[pri:0, instance:automation.Plantorbit@4d5d943d]" started-at="2024-06-23T23:06:08 IST" name="test10" finished-at="2024-06-23T23:06:19 IST" duration-ms="10690" status="PASS">
          <reporter-output>
          </reporter-output>
        </test-method> <!-- test10 -->
        <test-method is-config="true" signature="url()[pri:0, instance:automation.Plantorbit@4d5d943d]" started-at="2024-06-23T23:06:19 IST" name="url" finished-at="2024-06-23T23:06:20 IST" duration-ms="1211" status="PASS">
          <reporter-output>
          </reporter-output>
        </test-method> <!-- url -->
        <test-method signature="test2()[pri:0, instance:automation.Plantorbit@4d5d943d]" started-at="2024-06-23T23:06:20 IST" name="test2" finished-at="2024-06-23T23:06:23 IST" duration-ms="2626" status="PASS">
          <reporter-output>
          </reporter-output>
        </test-method> <!-- test2 -->
        <test-method is-config="true" signature="url()[pri:0, instance:automation.Plantorbit@4d5d943d]" started-at="2024-06-23T23:06:23 IST" name="url" finished-at="2024-06-23T23:06:24 IST" duration-ms="1694" status="PASS">
          <reporter-output>
          </reporter-output>
        </test-method> <!-- url -->
        <test-method signature="test3()[pri:0, instance:automation.Plantorbit@4d5d943d]" started-at="2024-06-23T23:06:24 IST" name="test3" finished-at="2024-06-23T23:06:27 IST" duration-ms="2448" status="PASS">
          <reporter-output>
          </reporter-output>
        </test-method> <!-- test3 -->
        <test-method is-config="true" signature="url()[pri:0, instance:automation.Plantorbit@4d5d943d]" started-at="2024-06-23T23:06:27 IST" name="url" finished-at="2024-06-23T23:06:28 IST" duration-ms="1589" status="PASS">
          <reporter-output>
          </reporter-output>
        </test-method> <!-- url -->
        <test-method signature="test4()[pri:0, instance:automation.Plantorbit@4d5d943d]" started-at="2024-06-23T23:06:28 IST" name="test4" finished-at="2024-06-23T23:06:36 IST" duration-ms="7716" status="PASS">
          <reporter-output>
          </reporter-output>
        </test-method> <!-- test4 -->
        <test-method is-config="true" signature="url()[pri:0, instance:automation.Plantorbit@4d5d943d]" started-at="2024-06-23T23:06:36 IST" name="url" finished-at="2024-06-23T23:06:38 IST" duration-ms="1561" status="PASS">
          <reporter-output>
          </reporter-output>
        </test-method> <!-- url -->
        <test-method signature="test5()[pri:0, instance:automation.Plantorbit@4d5d943d]" started-at="2024-06-23T23:06:38 IST" name="test5" finished-at="2024-06-23T23:06:38 IST" duration-ms="467" status="PASS">
          <reporter-output>
          </reporter-output>
        </test-method> <!-- test5 -->
        <test-method is-config="true" signature="url()[pri:0, instance:automation.Plantorbit@4d5d943d]" started-at="2024-06-23T23:06:38 IST" name="url" finished-at="2024-06-23T23:06:40 IST" duration-ms="1622" status="PASS">
          <reporter-output>
          </reporter-output>
        </test-method> <!-- url -->
        <test-method signature="test6()[pri:0, instance:automation.Plantorbit@4d5d943d]" started-at="2024-06-23T23:06:40 IST" name="test6" finished-at="2024-06-23T23:06:40 IST" duration-ms="164" status="PASS">
          <reporter-output>
          </reporter-output>
        </test-method> <!-- test6 -->
        <test-method is-config="true" signature="url()[pri:0, instance:automation.Plantorbit@4d5d943d]" started-at="2024-06-23T23:06:40 IST" name="url" finished-at="2024-06-23T23:06:42 IST" duration-ms="1806" status="PASS">
          <reporter-output>
          </reporter-output>
        </test-method> <!-- url -->
        <test-method signature="test7()[pri:0, instance:automation.Plantorbit@4d5d943d]" started-at="2024-06-23T23:06:42 IST" name="test7" finished-at="2024-06-23T23:06:44 IST" duration-ms="2161" status="PASS">
          <reporter-output>
          </reporter-output>
        </test-method> <!-- test7 -->
        <test-method is-config="true" signature="url()[pri:0, instance:automation.Plantorbit@4d5d943d]" started-at="2024-06-23T23:06:44 IST" name="url" finished-at="2024-06-23T23:06:45 IST" duration-ms="1590" status="PASS">
          <reporter-output>
          </reporter-output>
        </test-method> <!-- url -->
        <test-method signature="test8()[pri:0, instance:automation.Plantorbit@4d5d943d]" started-at="2024-06-23T23:06:45 IST" name="test8" finished-at="2024-06-23T23:06:50 IST" duration-ms="4764" status="PASS">
          <reporter-output>
          </reporter-output>
        </test-method> <!-- test8 -->
        <test-method is-config="true" signature="url()[pri:0, instance:automation.Plantorbit@4d5d943d]" started-at="2024-06-23T23:06:50 IST" name="url" finished-at="2024-06-23T23:06:52 IST" duration-ms="1577" status="PASS">
          <reporter-output>
          </reporter-output>
        </test-method> <!-- url -->
        <test-method signature="test9()[pri:0, instance:automation.Plantorbit@4d5d943d]" started-at="2024-06-23T23:06:52 IST" name="test9" finished-at="2024-06-23T23:06:52 IST" duration-ms="615" status="PASS">
          <reporter-output>
          </reporter-output>
        </test-method> <!-- test9 -->
        <test-method is-config="true" signature="close()[pri:0, instance:automation.Plantorbit@4d5d943d]" started-at="2024-06-23T23:06:52 IST" name="close" finished-at="2024-06-23T23:06:53 IST" duration-ms="416" status="PASS">
          <reporter-output>
          </reporter-output>
        </test-method> <!-- close -->
      </class> <!-- automation.Plantorbit -->
    </test> <!-- Default test -->
  </suite> <!-- Default suite -->
</testng-results>
