<?xml version="1.0" encoding="UTF-8"?>
<testng-results ignored="0" total="10" passed="10" failed="0" skipped="0">
  <reporter-output>
  </reporter-output>
  <suite started-at="2024-06-22T19:48:39 IST" name="Default suite" finished-at="2024-06-22T19:49:48 IST" duration-ms="69286">
    <groups>
    </groups>
    <test started-at="2024-06-22T19:48:39 IST" name="Default test" finished-at="2024-06-22T19:49:48 IST" duration-ms="69286">
      <class name="automation.Plantorbit">
        <test-method is-config="true" signature="setup()[pri:0, instance:automation.Plantorbit@7cc0cdad]" started-at="2024-06-22T19:48:39 IST" name="setup" finished-at="2024-06-22T19:48:40 IST" duration-ms="1683" status="PASS">
          <reporter-output>
          </reporter-output>
        </test-method> <!-- setup -->
        <test-method is-config="true" signature="url()[pri:0, instance:automation.Plantorbit@7cc0cdad]" started-at="2024-06-22T19:48:41 IST" name="url" finished-at="2024-06-22T19:48:45 IST" duration-ms="4809" status="PASS">
          <reporter-output>
          </reporter-output>
        </test-method> <!-- url -->
        <test-method signature="test1()[pri:0, instance:automation.Plantorbit@7cc0cdad]" started-at="2024-06-22T19:48:45 IST" name="test1" finished-at="2024-06-22T19:48:45 IST" duration-ms="91" status="PASS">
          <reporter-output>
          </reporter-output>
        </test-method> <!-- test1 -->
        <test-method is-config="true" signature="url()[pri:0, instance:automation.Plantorbit@7cc0cdad]" started-at="2024-06-22T19:48:45 IST" name="url" finished-at="2024-06-22T19:48:47 IST" duration-ms="1169" status="PASS">
          <reporter-output>
          </reporter-output>
        </test-method> <!-- url -->
        <test-method signature="test10()[pri:0, instance:automation.Plantorbit@7cc0cdad]" started-at="2024-06-22T19:48:47 IST" name="test10" finished-at="2024-06-22T19:49:15 IST" duration-ms="28307" status="PASS">
          <reporter-output>
          </reporter-output>
        </test-method> <!-- test10 -->
        <test-method is-config="true" signature="url()[pri:0, instance:automation.Plantorbit@7cc0cdad]" started-at="2024-06-22T19:49:15 IST" name="url" finished-at="2024-06-22T19:49:16 IST" duration-ms="1514" status="PASS">
          <reporter-output>
          </reporter-output>
        </test-method> <!-- url -->
        <test-method signature="test2()[pri:0, instance:automation.Plantorbit@7cc0cdad]" started-at="2024-06-22T19:49:16 IST" name="test2" finished-at="2024-06-22T19:49:18 IST" duration-ms="1952" status="PASS">
          <reporter-output>
          </reporter-output>
        </test-method> <!-- test2 -->
        <test-method is-config="true" signature="url()[pri:0, instance:automation.Plantorbit@7cc0cdad]" started-at="2024-06-22T19:49:18 IST" name="url" finished-at="2024-06-22T19:49:20 IST" duration-ms="1951" status="PASS">
          <reporter-output>
          </reporter-output>
        </test-method> <!-- url -->
        <test-method signature="test3()[pri:0, instance:automation.Plantorbit@7cc0cdad]" started-at="2024-06-22T19:49:20 IST" name="test3" finished-at="2024-06-22T19:49:22 IST" duration-ms="1825" status="PASS">
          <reporter-output>
          </reporter-output>
        </test-method> <!-- test3 -->
        <test-method is-config="true" signature="url()[pri:0, instance:automation.Plantorbit@7cc0cdad]" started-at="2024-06-22T19:49:22 IST" name="url" finished-at="2024-06-22T19:49:24 IST" duration-ms="1827" status="PASS">
          <reporter-output>
          </reporter-output>
        </test-method> <!-- url -->
        <test-method signature="test4()[pri:0, instance:automation.Plantorbit@7cc0cdad]" started-at="2024-06-22T19:49:24 IST" name="test4" finished-at="2024-06-22T19:49:32 IST" duration-ms="8476" status="PASS">
          <reporter-output>
          </reporter-output>
        </test-method> <!-- test4 -->
        <test-method is-config="true" signature="url()[pri:0, instance:automation.Plantorbit@7cc0cdad]" started-at="2024-06-22T19:49:32 IST" name="url" finished-at="2024-06-22T19:49:34 IST" duration-ms="1559" status="PASS">
          <reporter-output>
          </reporter-output>
        </test-method> <!-- url -->
        <test-method signature="test5()[pri:0, instance:automation.Plantorbit@7cc0cdad]" started-at="2024-06-22T19:49:34 IST" name="test5" finished-at="2024-06-22T19:49:34 IST" duration-ms="455" status="PASS">
          <reporter-output>
          </reporter-output>
        </test-method> <!-- test5 -->
        <test-method is-config="true" signature="url()[pri:0, instance:automation.Plantorbit@7cc0cdad]" started-at="2024-06-22T19:49:34 IST" name="url" finished-at="2024-06-22T19:49:36 IST" duration-ms="1561" status="PASS">
          <reporter-output>
          </reporter-output>
        </test-method> <!-- url -->
        <test-method signature="test6()[pri:0, instance:automation.Plantorbit@7cc0cdad]" started-at="2024-06-22T19:49:36 IST" name="test6" finished-at="2024-06-22T19:49:36 IST" duration-ms="118" status="PASS">
          <reporter-output>
          </reporter-output>
        </test-method> <!-- test6 -->
        <test-method is-config="true" signature="url()[pri:0, instance:automation.Plantorbit@7cc0cdad]" started-at="2024-06-22T19:49:36 IST" name="url" finished-at="2024-06-22T19:49:38 IST" duration-ms="1825" status="PASS">
          <reporter-output>
          </reporter-output>
        </test-method> <!-- url -->
        <test-method signature="test7()[pri:0, instance:automation.Plantorbit@7cc0cdad]" started-at="2024-06-22T19:49:38 IST" name="test7" finished-at="2024-06-22T19:49:40 IST" duration-ms="2358" status="PASS">
          <reporter-output>
          </reporter-output>
        </test-method> <!-- test7 -->
        <test-method is-config="true" signature="url()[pri:0, instance:automation.Plantorbit@7cc0cdad]" started-at="2024-06-22T19:49:40 IST" name="url" finished-at="2024-06-22T19:49:42 IST" duration-ms="1519" status="PASS">
          <reporter-output>
          </reporter-output>
        </test-method> <!-- url -->
        <test-method signature="test8()[pri:0, instance:automation.Plantorbit@7cc0cdad]" started-at="2024-06-22T19:49:42 IST" name="test8" finished-at="2024-06-22T19:49:46 IST" duration-ms="4516" status="PASS">
          <reporter-output>
          </reporter-output>
        </test-method> <!-- test8 -->
        <test-method is-config="true" signature="url()[pri:0, instance:automation.Plantorbit@7cc0cdad]" started-at="2024-06-22T19:49:46 IST" name="url" finished-at="2024-06-22T19:49:48 IST" duration-ms="1432" status="PASS">
          <reporter-output>
          </reporter-output>
        </test-method> <!-- url -->
        <test-method signature="test9()[pri:0, instance:automation.Plantorbit@7cc0cdad]" started-at="2024-06-22T19:49:48 IST" name="test9" finished-at="2024-06-22T19:49:48 IST" duration-ms="288" status="PASS">
          <reporter-output>
          </reporter-output>
        </test-method> <!-- test9 -->
      </class> <!-- automation.Plantorbit -->
    </test> <!-- Default test -->
  </suite> <!-- Default suite -->
</testng-results>
